mode: set
github.com/LeifTeorin/Go/kademlia/bucket.go:14.26,18.2 3 1
github.com/LeifTeorin/Go/kademlia/bucket.go:22.51,24.55 2 1
github.com/LeifTeorin/Go/kademlia/bucket.go:24.55,27.34 2 1
github.com/LeifTeorin/Go/kademlia/bucket.go:27.34,29.4 1 1
github.com/LeifTeorin/Go/kademlia/bucket.go:32.2,32.20 1 1
github.com/LeifTeorin/Go/kademlia/bucket.go:32.20,33.37 1 1
github.com/LeifTeorin/Go/kademlia/bucket.go:33.37,35.4 1 1
github.com/LeifTeorin/Go/kademlia/bucket.go:36.8,38.3 1 1
github.com/LeifTeorin/Go/kademlia/bucket.go:43.79,46.63 2 1
github.com/LeifTeorin/Go/kademlia/bucket.go:46.63,50.3 3 1
github.com/LeifTeorin/Go/kademlia/bucket.go:52.2,52.17 1 1
github.com/LeifTeorin/Go/kademlia/bucket.go:56.33,58.2 1 1
github.com/LeifTeorin/Go/kademlia/bucket.go:61.54,63.55 2 1
github.com/LeifTeorin/Go/kademlia/bucket.go:63.55,66.34 2 1
github.com/LeifTeorin/Go/kademlia/bucket.go:66.34,68.4 1 1
github.com/LeifTeorin/Go/kademlia/bucket.go:71.2,71.20 1 1
github.com/LeifTeorin/Go/kademlia/bucket.go:71.20,73.3 1 1
github.com/LeifTeorin/Go/kademlia/bucket.go:76.54,77.55 1 1
github.com/LeifTeorin/Go/kademlia/bucket.go:77.55,80.34 2 1
github.com/LeifTeorin/Go/kademlia/bucket.go:80.34,82.4 1 1
github.com/LeifTeorin/Go/kademlia/bucket.go:85.2,85.14 1 1
github.com/LeifTeorin/Go/kademlia/bucket.go:90.43,93.2 2 1
github.com/LeifTeorin/Go/kademlia/connectionhandler.go:10.77,12.57 2 1
github.com/LeifTeorin/Go/kademlia/connectionhandler.go:12.57,14.3 1 0
github.com/LeifTeorin/Go/kademlia/connectionhandler.go:16.2,16.25 1 1
github.com/LeifTeorin/Go/kademlia/connectionhandler.go:17.21,24.19 4 1
github.com/LeifTeorin/Go/kademlia/connectionhandler.go:25.18,28.23 3 1
github.com/LeifTeorin/Go/kademlia/connectionhandler.go:29.14,32.19 3 1
github.com/LeifTeorin/Go/kademlia/connectionhandler.go:33.14,36.19 3 1
github.com/LeifTeorin/Go/kademlia/connectionhandler.go:37.15,40.19 3 1
github.com/LeifTeorin/Go/kademlia/connectionhandler.go:41.10,42.60 1 1
github.com/LeifTeorin/Go/kademlia/connectionhandler.go:46.46,52.2 2 1
github.com/LeifTeorin/Go/kademlia/connectionhandler.go:54.88,58.2 3 1
github.com/LeifTeorin/Go/kademlia/connectionhandler.go:60.58,67.2 3 1
github.com/LeifTeorin/Go/kademlia/connectionhandler.go:69.61,72.16 3 1
github.com/LeifTeorin/Go/kademlia/connectionhandler.go:72.16,78.3 2 1
github.com/LeifTeorin/Go/kademlia/connectionhandler.go:79.2,83.12 2 1
github.com/LeifTeorin/Go/kademlia/connectionhandler.go:86.69,88.11 2 1
github.com/LeifTeorin/Go/kademlia/connectionhandler.go:88.11,91.3 2 1
github.com/LeifTeorin/Go/kademlia/connectionhandler.go:91.8,95.3 3 0
github.com/LeifTeorin/Go/kademlia/contact.go:18.57,20.2 1 1
github.com/LeifTeorin/Go/kademlia/contact.go:24.58,26.2 1 1
github.com/LeifTeorin/Go/kademlia/contact.go:29.58,31.2 1 1
github.com/LeifTeorin/Go/kademlia/contact.go:34.41,36.2 1 1
github.com/LeifTeorin/Go/kademlia/contact.go:45.65,47.2 1 1
github.com/LeifTeorin/Go/kademlia/contact.go:50.71,52.2 1 1
github.com/LeifTeorin/Go/kademlia/contact.go:55.45,57.2 1 1
github.com/LeifTeorin/Go/kademlia/contact.go:60.48,62.2 1 1
github.com/LeifTeorin/Go/kademlia/contact.go:66.53,68.2 1 1
github.com/LeifTeorin/Go/kademlia/contact.go:72.58,74.2 1 1
github.com/LeifTeorin/Go/kademlia/kademlia.go:22.60,28.2 5 1
github.com/LeifTeorin/Go/kademlia/kademlia.go:30.80,42.6 8 1
github.com/LeifTeorin/Go/kademlia/kademlia.go:42.6,45.64 3 1
github.com/LeifTeorin/Go/kademlia/kademlia.go:45.64,46.60 1 1
github.com/LeifTeorin/Go/kademlia/kademlia.go:46.60,47.13 1 1
github.com/LeifTeorin/Go/kademlia/kademlia.go:48.10,50.19 2 1
github.com/LeifTeorin/Go/kademlia/kademlia.go:50.19,53.14 3 1
github.com/LeifTeorin/Go/kademlia/kademlia.go:54.11,60.41 4 1
github.com/LeifTeorin/Go/kademlia/kademlia.go:60.41,62.7 1 1
github.com/LeifTeorin/Go/kademlia/kademlia.go:63.6,64.18 2 1
github.com/LeifTeorin/Go/kademlia/kademlia.go:69.3,69.52 1 1
github.com/LeifTeorin/Go/kademlia/kademlia.go:69.52,70.9 1 1
github.com/LeifTeorin/Go/kademlia/kademlia.go:74.2,74.26 1 1
github.com/LeifTeorin/Go/kademlia/kademlia.go:77.72,79.51 1 1
github.com/LeifTeorin/Go/kademlia/kademlia.go:79.51,81.3 1 1
github.com/LeifTeorin/Go/kademlia/kademlia.go:81.8,86.24 2 0
github.com/LeifTeorin/Go/kademlia/kademlia.go:86.24,88.4 1 0
github.com/LeifTeorin/Go/kademlia/kademlia.go:92.55,95.32 3 1
github.com/LeifTeorin/Go/kademlia/kademlia.go:95.32,96.22 1 0
github.com/LeifTeorin/Go/kademlia/kademlia.go:96.22,100.4 3 0
github.com/LeifTeorin/Go/kademlia/kademlia.go:100.9,102.4 1 0
github.com/LeifTeorin/Go/kademlia/kademlia.go:104.2,104.15 1 1
github.com/LeifTeorin/Go/kademlia/kademlia.go:107.51,108.22 1 1
github.com/LeifTeorin/Go/kademlia/kademlia.go:108.22,109.19 1 1
github.com/LeifTeorin/Go/kademlia/kademlia.go:109.19,111.4 1 1
github.com/LeifTeorin/Go/kademlia/kademlia.go:113.2,113.14 1 1
github.com/LeifTeorin/Go/kademlia/kademlia.go:116.142,117.33 1 1
github.com/LeifTeorin/Go/kademlia/kademlia.go:117.33,119.24 2 1
github.com/LeifTeorin/Go/kademlia/kademlia.go:119.24,121.4 1 1
github.com/LeifTeorin/Go/kademlia/kademlia.go:122.3,122.27 1 1
github.com/LeifTeorin/Go/kademlia/kademlia.go:122.27,124.4 1 1
github.com/LeifTeorin/Go/kademlia/kademlia.go:126.3,126.23 1 1
github.com/LeifTeorin/Go/kademlia/kademlia.go:128.2,128.33 1 1
github.com/LeifTeorin/Go/kademlia/kademlia.go:131.37,132.27 1 1
github.com/LeifTeorin/Go/kademlia/kademlia.go:132.27,133.13 1 0
github.com/LeifTeorin/Go/kademlia/kademlia.go:133.13,135.4 1 0
github.com/LeifTeorin/Go/kademlia/kademlia.go:137.2,138.16 2 1
github.com/LeifTeorin/Go/kademlia/kademlia.go:138.16,139.13 1 0
github.com/LeifTeorin/Go/kademlia/kademlia.go:143.41,146.26 3 1
github.com/LeifTeorin/Go/kademlia/kademlia.go:146.26,149.3 2 0
github.com/LeifTeorin/Go/kademlia/kademlia.go:150.2,151.15 2 1
github.com/LeifTeorin/Go/kademlia/kademlia.go:151.15,154.3 2 0
github.com/LeifTeorin/Go/kademlia/kademlia.go:155.2,156.16 2 1
github.com/LeifTeorin/Go/kademlia/kademlia.go:156.16,158.3 1 0
github.com/LeifTeorin/Go/kademlia/kademlia.go:159.2,159.35 1 1
github.com/LeifTeorin/Go/kademlia/kademlia.go:159.35,166.3 1 1
github.com/LeifTeorin/Go/kademlia/kademlia.go:167.2,167.20 1 1
github.com/LeifTeorin/Go/kademlia/kademlia.go:170.37,174.73 3 1
github.com/LeifTeorin/Go/kademlia/kademlia.go:174.73,177.3 2 0
github.com/LeifTeorin/Go/kademlia/kademlia.go:177.8,180.3 2 1
github.com/LeifTeorin/Go/kademlia/kademlia.go:182.2,183.16 2 1
github.com/LeifTeorin/Go/kademlia/kademlia.go:183.16,185.3 1 0
github.com/LeifTeorin/Go/kademlia/kademlia.go:186.2,187.16 2 1
github.com/LeifTeorin/Go/kademlia/kademlia.go:187.16,189.3 1 0
github.com/LeifTeorin/Go/kademlia/kademlia.go:190.2,190.35 1 1
github.com/LeifTeorin/Go/kademlia/kademlia.go:190.35,192.3 1 1
github.com/LeifTeorin/Go/kademlia/kademlia.go:196.66,202.11 2 0
github.com/LeifTeorin/Go/kademlia/kademlia.go:202.11,204.3 1 0
github.com/LeifTeorin/Go/kademlia/kademlia.go:206.2,209.40 3 0
github.com/LeifTeorin/Go/kademlia/kademlia.go:209.40,211.50 1 0
github.com/LeifTeorin/Go/kademlia/kademlia.go:211.50,214.17 3 0
github.com/LeifTeorin/Go/kademlia/kademlia.go:214.17,216.5 1 0
github.com/LeifTeorin/Go/kademlia/kademlia.go:216.10,218.5 1 0
github.com/LeifTeorin/Go/kademlia/kademlia.go:219.4,219.18 1 0
github.com/LeifTeorin/Go/kademlia/kademlia.go:219.18,221.5 1 0
github.com/LeifTeorin/Go/kademlia/kademlia.go:227.2,227.19 1 0
github.com/LeifTeorin/Go/kademlia/kademlia.go:230.57,231.29 1 0
github.com/LeifTeorin/Go/kademlia/kademlia.go:231.29,232.25 1 0
github.com/LeifTeorin/Go/kademlia/kademlia.go:232.25,234.4 1 0
github.com/LeifTeorin/Go/kademlia/kademlia.go:236.2,236.14 1 0
github.com/LeifTeorin/Go/kademlia/kademlia.go:239.62,242.16 3 1
github.com/LeifTeorin/Go/kademlia/kademlia.go:242.16,244.3 1 0
github.com/LeifTeorin/Go/kademlia/kademlia.go:245.2,247.24 3 1
github.com/LeifTeorin/Go/kademlia/kademlia.go:247.24,249.3 1 1
github.com/LeifTeorin/Go/kademlia/kademlia.go:250.2,250.35 1 0
github.com/LeifTeorin/Go/kademlia/kademlia.go:250.35,252.3 1 0
github.com/LeifTeorin/Go/kademlia/kademlia.go:253.2,254.17 2 0
github.com/LeifTeorin/Go/kademlia/kademliaid.go:16.45,20.32 3 1
github.com/LeifTeorin/Go/kademlia/kademliaid.go:20.32,22.3 1 1
github.com/LeifTeorin/Go/kademlia/kademliaid.go:24.2,24.23 1 1
github.com/LeifTeorin/Go/kademlia/kademliaid.go:29.40,31.32 2 1
github.com/LeifTeorin/Go/kademlia/kademliaid.go:31.32,33.3 1 1
github.com/LeifTeorin/Go/kademlia/kademliaid.go:34.2,34.23 1 1
github.com/LeifTeorin/Go/kademlia/kademliaid.go:37.99,38.31 1 1
github.com/LeifTeorin/Go/kademlia/kademliaid.go:38.31,40.3 1 1
github.com/LeifTeorin/Go/kademlia/kademliaid.go:42.2,43.32 2 1
github.com/LeifTeorin/Go/kademlia/kademliaid.go:43.32,50.3 6 1
github.com/LeifTeorin/Go/kademlia/kademliaid.go:52.2,52.27 1 1
github.com/LeifTeorin/Go/kademlia/kademliaid.go:57.69,58.32 1 1
github.com/LeifTeorin/Go/kademlia/kademliaid.go:58.32,59.42 1 1
github.com/LeifTeorin/Go/kademlia/kademliaid.go:59.42,61.4 1 1
github.com/LeifTeorin/Go/kademlia/kademliaid.go:63.2,63.14 1 0
github.com/LeifTeorin/Go/kademlia/kademliaid.go:67.71,68.32 1 1
github.com/LeifTeorin/Go/kademlia/kademliaid.go:68.32,69.42 1 1
github.com/LeifTeorin/Go/kademlia/kademliaid.go:69.42,71.4 1 1
github.com/LeifTeorin/Go/kademlia/kademliaid.go:73.2,73.13 1 1
github.com/LeifTeorin/Go/kademlia/kademliaid.go:78.75,80.32 2 1
github.com/LeifTeorin/Go/kademlia/kademliaid.go:80.32,82.3 1 1
github.com/LeifTeorin/Go/kademlia/kademliaid.go:83.2,83.16 1 1
github.com/LeifTeorin/Go/kademlia/kademliaid.go:87.47,89.2 1 1
github.com/LeifTeorin/Go/kademlia/network.go:28.38,34.2 5 1
github.com/LeifTeorin/Go/kademlia/network.go:36.59,42.16 3 1
github.com/LeifTeorin/Go/kademlia/network.go:42.16,44.3 1 1
github.com/LeifTeorin/Go/kademlia/network.go:45.2,49.6 3 1
github.com/LeifTeorin/Go/kademlia/network.go:49.6,52.17 3 1
github.com/LeifTeorin/Go/kademlia/network.go:52.17,54.12 2 0
github.com/LeifTeorin/Go/kademlia/network.go:56.3,57.17 2 1
github.com/LeifTeorin/Go/kademlia/network.go:57.17,59.12 2 0
github.com/LeifTeorin/Go/kademlia/network.go:61.3,61.40 1 1
github.com/LeifTeorin/Go/kademlia/network.go:65.82,67.16 2 1
github.com/LeifTeorin/Go/kademlia/network.go:67.16,69.3 1 0
github.com/LeifTeorin/Go/kademlia/network.go:70.2,73.16 3 1
github.com/LeifTeorin/Go/kademlia/network.go:73.16,76.3 2 0
github.com/LeifTeorin/Go/kademlia/network.go:79.2,85.16 5 1
github.com/LeifTeorin/Go/kademlia/network.go:85.16,88.3 2 1
github.com/LeifTeorin/Go/kademlia/network.go:91.2,91.26 1 1
github.com/LeifTeorin/Go/kademlia/network.go:94.64,102.16 4 1
github.com/LeifTeorin/Go/kademlia/network.go:102.16,105.3 2 0
github.com/LeifTeorin/Go/kademlia/network.go:106.2,108.26 3 1
github.com/LeifTeorin/Go/kademlia/network.go:108.26,111.3 2 0
github.com/LeifTeorin/Go/kademlia/network.go:112.2,112.37 1 1
github.com/LeifTeorin/Go/kademlia/network.go:112.37,115.3 2 0
github.com/LeifTeorin/Go/kademlia/network.go:116.2,116.13 1 1
github.com/LeifTeorin/Go/kademlia/network.go:119.62,127.16 4 1
github.com/LeifTeorin/Go/kademlia/network.go:127.16,130.3 2 0
github.com/LeifTeorin/Go/kademlia/network.go:131.2,133.26 3 1
github.com/LeifTeorin/Go/kademlia/network.go:133.26,136.3 2 0
github.com/LeifTeorin/Go/kademlia/network.go:137.2,137.35 1 1
github.com/LeifTeorin/Go/kademlia/network.go:137.35,140.3 2 0
github.com/LeifTeorin/Go/kademlia/network.go:141.2,141.13 1 1
github.com/LeifTeorin/Go/kademlia/network.go:144.106,152.16 3 1
github.com/LeifTeorin/Go/kademlia/network.go:152.16,155.3 2 1
github.com/LeifTeorin/Go/kademlia/network.go:157.2,160.17 3 1
github.com/LeifTeorin/Go/kademlia/network.go:160.17,163.3 2 0
github.com/LeifTeorin/Go/kademlia/network.go:165.2,165.39 1 1
github.com/LeifTeorin/Go/kademlia/network.go:168.103,176.16 3 1
github.com/LeifTeorin/Go/kademlia/network.go:176.16,179.3 2 0
github.com/LeifTeorin/Go/kademlia/network.go:181.2,184.16 4 1
github.com/LeifTeorin/Go/kademlia/network.go:184.16,187.3 2 0
github.com/LeifTeorin/Go/kademlia/network.go:187.8,189.3 1 1
github.com/LeifTeorin/Go/kademlia/network.go:192.91,200.16 3 1
github.com/LeifTeorin/Go/kademlia/network.go:200.16,203.3 2 0
github.com/LeifTeorin/Go/kademlia/network.go:205.2,207.16 3 1
github.com/LeifTeorin/Go/kademlia/network.go:207.16,210.3 2 0
github.com/LeifTeorin/Go/kademlia/network.go:211.2,211.43 1 1
github.com/LeifTeorin/Go/kademlia/network.go:211.43,213.3 1 0
github.com/LeifTeorin/Go/kademlia/network.go:214.2,214.12 1 1
github.com/LeifTeorin/Go/kademlia/routingtable.go:15.48,17.34 2 1
github.com/LeifTeorin/Go/kademlia/routingtable.go:17.34,19.3 1 1
github.com/LeifTeorin/Go/kademlia/routingtable.go:20.2,21.21 2 1
github.com/LeifTeorin/Go/kademlia/routingtable.go:25.63,29.2 3 1
github.com/LeifTeorin/Go/kademlia/routingtable.go:32.96,39.98 5 1
github.com/LeifTeorin/Go/kademlia/routingtable.go:39.98,40.25 1 1
github.com/LeifTeorin/Go/kademlia/routingtable.go:40.25,43.4 2 1
github.com/LeifTeorin/Go/kademlia/routingtable.go:44.3,44.33 1 1
github.com/LeifTeorin/Go/kademlia/routingtable.go:44.33,47.4 2 1
github.com/LeifTeorin/Go/kademlia/routingtable.go:50.2,52.30 2 1
github.com/LeifTeorin/Go/kademlia/routingtable.go:52.30,54.3 1 1
github.com/LeifTeorin/Go/kademlia/routingtable.go:56.2,56.38 1 1
github.com/LeifTeorin/Go/kademlia/routingtable.go:60.70,62.32 2 1
github.com/LeifTeorin/Go/kademlia/routingtable.go:62.32,63.26 1 1
github.com/LeifTeorin/Go/kademlia/routingtable.go:63.26,64.42 1 1
github.com/LeifTeorin/Go/kademlia/routingtable.go:64.42,66.5 1 1
github.com/LeifTeorin/Go/kademlia/routingtable.go:70.2,70.23 1 1
github.com/LeifTeorin/Go/kademlia/routingtable.go:73.66,77.2 3 1
github.com/LeifTeorin/Go/kademlia/routingtable.go:79.61,81.46 2 0
github.com/LeifTeorin/Go/kademlia/routingtable.go:81.46,82.24 1 0
github.com/LeifTeorin/Go/kademlia/routingtable.go:82.24,83.81 1 0
github.com/LeifTeorin/Go/kademlia/routingtable.go:83.81,85.5 1 0
github.com/LeifTeorin/Go/kademlia/routingtable.go:88.2,88.17 1 0
github.com/LeifTeorin/Go/kademlia/storage.go:14.27,16.2 1 1
github.com/LeifTeorin/Go/kademlia/storage.go:20.57,22.11 2 1
github.com/LeifTeorin/Go/kademlia/storage.go:22.11,24.3 1 1
github.com/LeifTeorin/Go/kademlia/storage.go:25.2,26.12 2 1
github.com/LeifTeorin/Go/kademlia/storage.go:30.56,33.2 2 1
github.com/LeifTeorin/Go/kademlia/storage.go:35.34,39.2 3 1
